/webhook/venv/lib/python3.10/site-packages/danmaku_tools/danmaku_energy_map.py:24: DeprecationWarning: Please import `convolve` from the `scipy.ndimage` namespace; the `scipy.ndimage.filters` namespace is deprecated and will be removed in SciPy 2.0.0.
  from scipy.ndimage.filters import convolve
Building prefix dict from the default dictionary ...
Loading model from cache /tmp/jieba.cache
Loading model cost 0.515 seconds.
Prefix dict has been built successfully.
  0%|          | 0/62 [00:00<?, ?it/s]0
53
21
  5%|▍         | 3/62 [00:00<00:02, 28.76it/s]5
3
0
4
23
 13%|█▎        | 8/62 [00:00<00:01, 32.90it/s]3
27
18
109
 19%|█▉        | 12/62 [00:00<00:03, 15.88it/s]17
127
63
 24%|██▍       | 15/62 [00:00<00:03, 12.72it/s]74
9
58
 29%|██▉       | 18/62 [00:01<00:02, 15.01it/s]1
3
21
2
4
1
0
58
 42%|████▏     | 26/62 [00:01<00:01, 23.52it/s]31
123
2
 47%|████▋     | 29/62 [00:01<00:01, 17.78it/s]1
0
2
13
31
 55%|█████▍    | 34/62 [00:01<00:01, 21.72it/s]1
7
12
1
12
8
 65%|██████▍   | 40/62 [00:01<00:00, 28.27it/s]4
21
58
7
 71%|███████   | 44/62 [00:02<00:00, 26.33it/s]57
14
9
0
 77%|███████▋  | 48/62 [00:02<00:00, 25.99it/s]55
7
6
 82%|████████▏ | 51/62 [00:02<00:00, 26.69it/s]38
108
2
 87%|████████▋ | 54/62 [00:02<00:00, 16.84it/s]72
22
4
 92%|█████████▏| 57/62 [00:02<00:00, 15.78it/s]4
36
4
22
 98%|█████████▊| 61/62 [00:02<00:00, 19.62it/s]4
100%|██████████| 62/62 [00:03<00:00, 20.66it/s]

DanmakuFactory 1.70 CLI Release by hkm (hkm@tikm.org)
https://github.com/hihkm/DanmakuFactory

Input file(s):
Number|Template     |TimeShift|FileName
     1|xml          |   0.000s|/storage/32426326/20250617/32426326-20250617-142131-258.all.clean.xml

Output file:
Format|FileName
   ass|/storage/32426326/20250617/32426326-20250617-142131-258.all.ass

Loading files...
Loading file "/storage/32426326/20250617/32426326-20250617-142131-258.all.clean.xml"

File Loading Complete.. Danmaku Pool: 3453

Sorting...

Writting file "/storage/32426326/20250617/32426326-20250617-142131-258.all.ass"...

Done!
