/webhook/venv/lib/python3.10/site-packages/danmaku_tools/danmaku_energy_map.py:24: DeprecationWarning: Please import `convolve` from the `scipy.ndimage` namespace; the `scipy.ndimage.filters` namespace is deprecated and will be removed in SciPy 2.0.0.
  from scipy.ndimage.filters import convolve
Building prefix dict from the default dictionary ...
Loading model from cache /tmp/jieba.cache
Loading model cost 0.476 seconds.
Prefix dict has been built successfully.
  0%|          | 0/39 [00:00<?, ?it/s]41
11
0
75
 10%|█         | 4/39 [00:00<00:00, 36.83it/s]11
3
12
59
 21%|██        | 8/39 [00:00<00:00, 38.37it/s]20
32
1
40
6
48
 36%|███▌      | 14/39 [00:00<00:00, 43.39it/s]2
10
18
41
17
44
15
 54%|█████▍    | 21/39 [00:00<00:00, 52.68it/s]1
9
23
13
46
0
39
108
 74%|███████▍  | 29/39 [00:00<00:00, 46.69it/s]113
3
122
6
8
 87%|████████▋ | 34/39 [00:00<00:00, 29.39it/s]1
1
27
14
25
100%|██████████| 39/39 [00:01<00:00, 38.48it/s]

DanmakuFactory 1.70 CLI Release by hkm (hkm@tikm.org)
https://github.com/hihkm/DanmakuFactory

Input file(s):
Number|Template     |TimeShift|FileName
     1|xml          |   0.000s|/storage/32426326/20250718/32426326-20250718-153127-254.all.clean.xml

Output file:
Format|FileName
   ass|/storage/32426326/20250718/32426326-20250718-153127-254.all.ass

Loading files...
Loading file "/storage/32426326/20250718/32426326-20250718-153127-254.all.clean.xml"

File Loading Complete.. Danmaku Pool: 2032

Sorting...

Writting file "/storage/32426326/20250718/32426326-20250718-153127-254.all.ass"...

Done!
