/webhook/venv/lib/python3.10/site-packages/danmaku_tools/danmaku_energy_map.py:24: DeprecationWarning: Please import `convolve` from the `scipy.ndimage` namespace; the `scipy.ndimage.filters` namespace is deprecated and will be removed in SciPy 2.0.0.
  from scipy.ndimage.filters import convolve
Building prefix dict from the default dictionary ...
Loading model from cache /tmp/jieba.cache
Loading model cost 0.579 seconds.
Prefix dict has been built successfully.
  0%|          | 0/79 [00:00<?, ?it/s]10
5
4
29
  5%|▌         | 4/79 [00:00<00:04, 18.68it/s]2
4
15
2
15
10
6
5
2
 16%|█▋        | 13/79 [00:00<00:01, 45.92it/s]30
26
4
2
15
5
 24%|██▍       | 19/79 [00:00<00:01, 35.31it/s]20
101
0
1
2
 30%|███       | 24/79 [00:00<00:02, 25.43it/s]7
5
2
70
 35%|███▌      | 28/79 [00:00<00:01, 26.73it/s]41
16
10
18
3
92
 43%|████▎     | 34/79 [00:01<00:02, 21.25it/s]3
23
9
 47%|████▋     | 37/79 [00:01<00:02, 19.65it/s]30
28
9
 51%|█████     | 40/79 [00:01<00:02, 17.84it/s]3
52
 53%|█████▎    | 42/79 [00:01<00:02, 18.18it/s]30
2
28
 57%|█████▋    | 45/79 [00:01<00:01, 20.02it/s]32
1
29
 61%|██████    | 48/79 [00:02<00:01, 19.64it/s]3
12
6
 65%|██████▍   | 51/79 [00:02<00:01, 20.81it/s]0
3
18
5
3
56
 72%|███████▏  | 57/79 [00:02<00:00, 23.20it/s]12
0
8
26
36
 78%|███████▊  | 62/79 [00:02<00:00, 27.67it/s]22
37
11
9
 84%|████████▎ | 66/79 [00:02<00:00, 30.07it/s]3
39
0
1
15
 90%|████████▉ | 71/79 [00:02<00:00, 33.83it/s]2
10
18
20
8
 96%|█████████▌| 76/79 [00:02<00:00, 37.50it/s]7
7
9
100%|██████████| 79/79 [00:02<00:00, 26.66it/s]

DanmakuFactory 1.70 CLI Release by hkm (hkm@tikm.org)
https://github.com/hihkm/DanmakuFactory

Input file(s):
Number|Template     |TimeShift|FileName
     1|xml          |   0.000s|/storage/32426326/20250704/32426326-20250704-134549-187.all.clean.xml

Output file:
Format|FileName
   ass|/storage/32426326/20250704/32426326-20250704-134549-187.all.ass

Loading files...
Loading file "/storage/32426326/20250704/32426326-20250704-134549-187.all.clean.xml"

File Loading Complete.. Danmaku Pool: 2903

Sorting...

Writting file "/storage/32426326/20250704/32426326-20250704-134549-187.all.ass"...

Done!
