/webhook/venv/lib/python3.10/site-packages/danmaku_tools/danmaku_energy_map.py:24: DeprecationWarning: Please import `convolve` from the `scipy.ndimage` namespace; the `scipy.ndimage.filters` namespace is deprecated and will be removed in SciPy 2.0.0.
  from scipy.ndimage.filters import convolve
Building prefix dict from the default dictionary ...
Loading model from cache /tmp/jieba.cache
Loading model cost 0.491 seconds.
Prefix dict has been built successfully.
  0%|          | 0/77 [00:00<?, ?it/s]11
68
0
115
  5%|▌         | 4/77 [00:00<00:03, 23.44it/s]2
28
2
7
4
35
6
1
11
 17%|█▋        | 13/77 [00:00<00:01, 53.73it/s]21
0
38
42
18
66
65
 26%|██▌       | 20/77 [00:00<00:01, 35.05it/s]31
37
4
2
2
1
5
0
0
27
0
11
 42%|████▏     | 32/77 [00:00<00:00, 53.62it/s]50
5
1
6
17
1
15
6
2
0
0
3
1
36
59
 61%|██████    | 47/77 [00:00<00:00, 72.08it/s]23
0
2
45
25
80
5
36
57
 73%|███████▎  | 56/77 [00:01<00:00, 50.04it/s]11
39
5
4
25
29
4
0
2
2
20
 87%|████████▋ | 67/77 [00:01<00:00, 61.16it/s]14
2
1
34
7
9
0
0
8
51
100%|██████████| 77/77 [00:01<00:00, 58.95it/s]

DanmakuFactory 1.70 CLI Release by hkm (hkm@tikm.org)
https://github.com/hihkm/DanmakuFactory

Input file(s):
Number|Template     |TimeShift|FileName
     1|xml          |   0.000s|/storage/32426326/20250726/32426326-20250726-154151-780.all.clean.xml

Output file:
Format|FileName
   ass|/storage/32426326/20250726/32426326-20250726-154151-780.all.ass

Loading files...
Loading file "/storage/32426326/20250726/32426326-20250726-154151-780.all.clean.xml"

File Loading Complete.. Danmaku Pool: 3232

Sorting...

Writting file "/storage/32426326/20250726/32426326-20250726-154151-780.all.ass"...

Done!
