/webhook/venv/lib/python3.10/site-packages/danmaku_tools/danmaku_energy_map.py:24: DeprecationWarning: Please import `convolve` from the `scipy.ndimage` namespace; the `scipy.ndimage.filters` namespace is deprecated and will be removed in SciPy 2.0.0.
  from scipy.ndimage.filters import convolve
Building prefix dict from the default dictionary ...
Loading model from cache /tmp/jieba.cache
Loading model cost 0.488 seconds.
Prefix dict has been built successfully.
  0%|          | 0/99 [00:00<?, ?it/s]6
21
6
19
  4%|▍         | 4/99 [00:00<00:02, 37.94it/s]2
1
3
24
1
23
2
3
92
 13%|█▎        | 13/99 [00:00<00:01, 50.80it/s]1
3
1
2
66
71
 19%|█▉        | 19/99 [00:00<00:01, 43.55it/s]9
131
0
63
46
 24%|██▍       | 24/99 [00:01<00:04, 16.55it/s]5
79
26
 27%|██▋       | 27/99 [00:01<00:04, 15.38it/s]34
23
0
 30%|███       | 30/99 [00:01<00:04, 15.91it/s]29
5
5
0
9
7
 36%|███▋      | 36/99 [00:01<00:02, 22.42it/s]23
90
2
10
 40%|████      | 40/99 [00:01<00:02, 20.30it/s]36
1
0
1
51
 45%|████▌     | 45/99 [00:02<00:02, 22.95it/s]6
9
14
1
12
5
0
28
 54%|█████▎    | 53/99 [00:02<00:01, 32.41it/s]0
10
0
27
17
37
 60%|█████▉    | 59/99 [00:02<00:01, 34.10it/s]50
34
35
23
16
 65%|██████▍   | 64/99 [00:02<00:01, 26.18it/s]8
9
4
8
42
2
 71%|███████   | 70/99 [00:02<00:00, 31.68it/s]2
8
8
7
3
37
3
14
1
3
0
7
 83%|████████▎ | 82/99 [00:02<00:00, 47.51it/s]23
11
3
0
14
2
27
1
12
 92%|█████████▏| 91/99 [00:02<00:00, 56.32it/s]30
1
6
1
1
4
0
25
100%|██████████| 99/99 [00:03<00:00, 32.73it/s]

DanmakuFactory 1.70 CLI Release by hkm (hkm@tikm.org)
https://github.com/hihkm/DanmakuFactory

Input file(s):
Number|Template     |TimeShift|FileName
     1|xml          |   0.000s|/storage/32426326/20250714/32426326-20250714-154553-056.all.clean.xml

Output file:
Format|FileName
   ass|/storage/32426326/20250714/32426326-20250714-154553-056.all.ass

Loading files...
Loading file "/storage/32426326/20250714/32426326-20250714-154553-056.all.clean.xml"

File Loading Complete.. Danmaku Pool: 3961

Sorting...

Writting file "/storage/32426326/20250714/32426326-20250714-154553-056.all.ass"...

Done!
