/webhook/venv/lib/python3.10/site-packages/danmaku_tools/danmaku_energy_map.py:24: DeprecationWarning: Please import `convolve` from the `scipy.ndimage` namespace; the `scipy.ndimage.filters` namespace is deprecated and will be removed in SciPy 2.0.0.
  from scipy.ndimage.filters import convolve
Building prefix dict from the default dictionary ...
Dumping model to file cache /tmp/jieba.cache
Loading model cost 0.536 seconds.
Prefix dict has been built successfully.
  0%|          | 0/116 [00:00<?, ?it/s]20
19
99
  3%|▎         | 3/116 [00:00<00:07, 14.53it/s]1
3
29
0
98
  7%|▋         | 8/116 [00:00<00:05, 19.94it/s]59
96
  9%|▊         | 10/116 [00:00<00:07, 13.49it/s]0
21
18
14
7
18
 14%|█▍        | 16/116 [00:00<00:04, 21.90it/s]94
5
6
 16%|█▋        | 19/116 [00:01<00:05, 19.22it/s]41
29
48
 19%|█▉        | 22/116 [00:01<00:05, 17.01it/s]2
150
 21%|██        | 24/116 [00:01<00:07, 12.00it/s]84
53
 22%|██▏       | 26/116 [00:01<00:08, 10.46it/s]15
29
6
51
 26%|██▌       | 30/116 [00:01<00:05, 14.61it/s]11
0
3
1
11
6
3
125
 33%|███▎      | 38/116 [00:02<00:03, 20.94it/s]9
50
5
 35%|███▌      | 41/116 [00:02<00:03, 22.00it/s]20
25
18
12
 39%|███▉      | 45/116 [00:02<00:02, 24.93it/s]21
10
14
5
9
7
 44%|████▍     | 51/116 [00:02<00:02, 31.37it/s]3
20
1
8
10
13
5
 50%|█████     | 58/116 [00:02<00:01, 39.60it/s]4
2
9
0
0
1
0
4
0
4
0
1
2
1
0
1
2
6
0
16
21
 68%|██████▊   | 79/116 [00:02<00:00, 73.83it/s]8
0
0
0
2
0
1
15
1
1
9
0
3
4
3
11
0
7
 84%|████████▎ | 97/116 [00:02<00:00, 97.23it/s]5
3
1
5
2
1
0
9
0
1
0
0
1
14
2
0
1
10
1
100%|██████████| 116/116 [00:02<00:00, 38.88it/s]

DanmakuFactory 1.70 CLI Release by hkm (hkm@tikm.org)
https://github.com/hihkm/DanmakuFactory

Input file(s):
Number|Template     |TimeShift|FileName
     1|xml          |   0.000s|/storage/32426326/20250525/32426326-20250525-151223-259.all.clean.xml

Output file:
Format|FileName
   ass|/storage/32426326/20250525/32426326-20250525-151223-259.all.ass

Loading files...
Loading file "/storage/32426326/20250525/32426326-20250525-151223-259.all.clean.xml"

File Loading Complete.. Danmaku Pool: 4267

Sorting...

Writting file "/storage/32426326/20250525/32426326-20250525-151223-259.all.ass"...

Done!
