/webhook/venv/lib/python3.10/site-packages/danmaku_tools/danmaku_energy_map.py:24: DeprecationWarning: Please import `convolve` from the `scipy.ndimage` namespace; the `scipy.ndimage.filters` namespace is deprecated and will be removed in SciPy 2.0.0.
  from scipy.ndimage.filters import convolve
Building prefix dict from the default dictionary ...
Loading model from cache /tmp/jieba.cache
Loading model cost 0.573 seconds.
Prefix dict has been built successfully.
  0%|          | 0/164 [00:00<?, ?it/s]21
1
5
42
3
61
10
31
  5%|▍         | 8/164 [00:00<00:02, 69.21it/s]17
2
4
58
9
18
46
  9%|▉         | 15/164 [00:00<00:02, 63.07it/s]19
1
1
2
4
14
59
12
15
 15%|█▍        | 24/164 [00:00<00:01, 73.00it/s]2
12
1
1
20
6
39
9
 20%|█▉        | 32/164 [00:00<00:01, 67.73it/s]2
0
5
8
4
14
150
 24%|██▍       | 39/164 [00:00<00:01, 63.90it/s]2
34
25
0
13
9
3
6
33
 29%|██▉       | 48/164 [00:00<00:01, 69.21it/s]5
20
50
14
28
43
4
 34%|███▎      | 55/164 [00:00<00:01, 69.19it/s]6
2
3
69
1
5
7
16
 38%|███▊      | 63/164 [00:00<00:01, 71.81it/s]19
3
15
41
15
15
4
0
 43%|████▎     | 71/164 [00:01<00:01, 74.04it/s]4
23
17
9
18
0
43
2
 48%|████▊     | 79/164 [00:01<00:01, 53.36it/s]11
17
4
33
2
1
4
55
 53%|█████▎    | 87/164 [00:01<00:01, 54.38it/s]2
0
5
5
12
1
5
6
26
5
2
1
14
3
0
8
0
0
4
1
1
0
0
4
 68%|██████▊   | 111/164 [00:01<00:00, 96.34it/s]0
77
27
2
18
12
0
21
16
8
2
3
 75%|███████▌  | 123/164 [00:01<00:00, 83.53it/s]5
0
0
23
3
80
2
2
28
8
 81%|████████  | 133/164 [00:01<00:00, 82.55it/s]20
20
0
3
28
5
2
1
6
18
0
0
3
1
29
2
 91%|█████████ | 149/164 [00:01<00:00, 100.08it/s]1
22
8
5
8
1
1
41
17
30
1
4
 98%|█████████▊| 161/164 [00:02<00:00, 97.19it/s] 37
3
47
100%|██████████| 164/164 [00:02<00:00, 78.13it/s]

DanmakuFactory 1.70 CLI Release by hkm (hkm@tikm.org)
https://github.com/hihkm/DanmakuFactory

Input file(s):
Number|Template     |TimeShift|FileName
     1|xml          |   0.000s|/storage/32426326/20250720/32426326-20250720-140622-749.all.clean.xml

Output file:
Format|FileName
   ass|/storage/32426326/20250720/32426326-20250720-140622-749.all.ass

Loading files...
Loading file "/storage/32426326/20250720/32426326-20250720-140622-749.all.clean.xml"

File Loading Complete.. Danmaku Pool: 4632

Sorting...

Writting file "/storage/32426326/20250720/32426326-20250720-140622-749.all.ass"...

Done!
