/webhook/venv/lib/python3.10/site-packages/danmaku_tools/danmaku_energy_map.py:24: DeprecationWarning: Please import `convolve` from the `scipy.ndimage` namespace; the `scipy.ndimage.filters` namespace is deprecated and will be removed in SciPy 2.0.0.
  from scipy.ndimage.filters import convolve
Building prefix dict from the default dictionary ...
Loading model from cache /tmp/jieba.cache
Loading model cost 0.451 seconds.
Prefix dict has been built successfully.
  0%|          | 0/91 [00:00<?, ?it/s]16
1
1
0
3
48
2
36
  9%|▉         | 8/91 [00:00<00:01, 76.33it/s]6
0
37
1
4
4
59
63
 18%|█▊        | 16/91 [00:00<00:01, 72.91it/s]1
35
4
57
47
3
34
13
 26%|██▋       | 24/91 [00:00<00:01, 45.47it/s]43
4
39
10
3
4
 33%|███▎      | 30/91 [00:00<00:01, 46.81it/s]96
0
2
21
4
0
 40%|███▉      | 36/91 [00:00<00:01, 49.42it/s]52
3
8
12
27
0
 46%|████▌     | 42/91 [00:00<00:01, 46.18it/s]3
7
36
0
4
34
 53%|█████▎    | 48/91 [00:00<00:00, 48.97it/s]1
0
4
2
68
9
 59%|█████▉    | 54/91 [00:01<00:00, 43.54it/s]27
35
1
14
3
34
 66%|██████▌   | 60/91 [00:01<00:00, 47.32it/s]13
29
3
1
2
8
6
25
13
3
5
 78%|███████▊  | 71/91 [00:01<00:00, 62.75it/s]0
6
0
0
1
7
0
32
12
9
8
11
5
18
 93%|█████████▎| 85/91 [00:01<00:00, 82.31it/s]0
0
1
3
26
1
100%|██████████| 91/91 [00:01<00:00, 61.56it/s]

DanmakuFactory 1.70 CLI Release by hkm (hkm@tikm.org)
https://github.com/hihkm/DanmakuFactory

Input file(s):
Number|Template     |TimeShift|FileName
     1|xml          |   0.000s|/storage/32426326/20250730/32426326-20250730-135400-816.all.clean.xml

Output file:
Format|FileName
   ass|/storage/32426326/20250730/32426326-20250730-135400-816.all.ass

Loading files...
Loading file "/storage/32426326/20250730/32426326-20250730-135400-816.all.clean.xml"

File Loading Complete.. Danmaku Pool: 3285

Sorting...

Writting file "/storage/32426326/20250730/32426326-20250730-135400-816.all.ass"...

Done!
