/webhook/venv/lib/python3.10/site-packages/danmaku_tools/danmaku_energy_map.py:24: DeprecationWarning: Please import `convolve` from the `scipy.ndimage` namespace; the `scipy.ndimage.filters` namespace is deprecated and will be removed in SciPy 2.0.0.
  from scipy.ndimage.filters import convolve
Building prefix dict from the default dictionary ...
Dumping model to file cache /tmp/jieba.cache
Loading model cost 0.608 seconds.
Prefix dict has been built successfully.
  0%|          | 0/65 [00:00<?, ?it/s]11
66
  3%|▎         | 2/65 [00:00<00:07,  7.94it/s]5
10
53
38
  9%|▉         | 6/65 [00:00<00:03, 18.32it/s]1
52
0
2
12
0
2
79
 22%|██▏       | 14/65 [00:00<00:01, 31.12it/s]19
36
2
4
47
 29%|██▉       | 19/65 [00:00<00:01, 31.70it/s]9
1
0
49
0
55
 38%|███▊      | 25/65 [00:00<00:01, 36.28it/s]3
91
25
38
 45%|████▍     | 29/65 [00:00<00:01, 31.40it/s]0
97
5
35
 51%|█████     | 33/65 [00:01<00:01, 27.93it/s]65
4
12
1
44
 58%|█████▊    | 38/65 [00:01<00:00, 30.75it/s]72
5
0
119
 65%|██████▍   | 42/65 [00:01<00:01, 22.39it/s]5
24
18
1
0
13
0
3
50
 78%|███████▊  | 51/65 [00:01<00:00, 30.52it/s]37
126
7
7
 85%|████████▍ | 55/65 [00:02<00:00, 24.82it/s]6
56
3
99
 91%|█████████ | 59/65 [00:02<00:00, 25.38it/s]42
2
4
30
25
 98%|█████████▊| 64/65 [00:02<00:00, 29.66it/s]48
100%|██████████| 65/65 [00:02<00:00, 27.81it/s]

DanmakuFactory 1.70 CLI Release by hkm (hkm@tikm.org)
https://github.com/hihkm/DanmakuFactory

Input file(s):
Number|Template     |TimeShift|FileName
     1|xml          |   0.000s|/storage/32426326/20250531/32426326-20250531-150712-270.all.clean.xml

Output file:
Format|FileName
   ass|/storage/32426326/20250531/32426326-20250531-150712-270.all.ass

Loading files...
Loading file "/storage/32426326/20250531/32426326-20250531-150712-270.all.clean.xml"

File Loading Complete.. Danmaku Pool: 3662

Sorting...

Writting file "/storage/32426326/20250531/32426326-20250531-150712-270.all.ass"...

Done!
