/webhook/venv/lib/python3.10/site-packages/danmaku_tools/danmaku_energy_map.py:24: DeprecationWarning: Please import `convolve` from the `scipy.ndimage` namespace; the `scipy.ndimage.filters` namespace is deprecated and will be removed in SciPy 2.0.0.
  from scipy.ndimage.filters import convolve
Building prefix dict from the default dictionary ...
Loading model from cache /tmp/jieba.cache
Loading model cost 0.518 seconds.
Prefix dict has been built successfully.
  0%|          | 0/87 [00:00<?, ?it/s]10
72
  2%|▏         | 2/87 [00:00<00:07, 10.84it/s]49
22
19
4
  7%|▋         | 6/87 [00:00<00:03, 22.98it/s]91
75
22
 10%|█         | 9/87 [00:00<00:04, 16.71it/s]19
0
6
19
6
1
9
50
 20%|█▉        | 17/87 [00:00<00:02, 29.37it/s]33
2
32
11
14
 25%|██▌       | 22/87 [00:00<00:01, 33.71it/s]6
27
9
89
 30%|██▉       | 26/87 [00:00<00:01, 30.63it/s]3
28
100
80
 34%|███▍      | 30/87 [00:01<00:02, 23.76it/s]79
31
5
 38%|███▊      | 33/87 [00:01<00:02, 19.64it/s]1
0
238
 41%|████▏     | 36/87 [00:02<00:04, 10.57it/s]1
63
 44%|████▎     | 38/87 [00:02<00:04, 10.91it/s]48
31
 46%|████▌     | 40/87 [00:02<00:04, 10.17it/s]7
76
 48%|████▊     | 42/87 [00:02<00:04, 10.96it/s]1
0
2
48
38
 54%|█████▍    | 47/87 [00:02<00:02, 16.57it/s]8
32
8
0
7
 60%|█████▉    | 52/87 [00:02<00:01, 22.33it/s]0
4
45
10
14
 66%|██████▌   | 57/87 [00:03<00:01, 26.71it/s]0
3
13
31
3
28
2
 74%|███████▎  | 64/87 [00:03<00:00, 35.49it/s]1
1
6
11
1
1
5
1
32
16
5
 86%|████████▌ | 75/87 [00:03<00:00, 52.25it/s]0
2
0
1
0
0
0
21
4
3
7
2
100%|██████████| 87/87 [00:03<00:00, 26.55it/s]

DanmakuFactory 1.70 CLI Release by hkm (hkm@tikm.org)
https://github.com/hihkm/DanmakuFactory

Input file(s):
Number|Template     |TimeShift|FileName
     1|xml          |   0.000s|/storage/32426326/20250630/32426326-20250630-142410-849.all.clean.xml

Output file:
Format|FileName
   ass|/storage/32426326/20250630/32426326-20250630-142410-849.all.ass

Loading files...
Loading file "/storage/32426326/20250630/32426326-20250630-142410-849.all.clean.xml"

File Loading Complete.. Danmaku Pool: 4185

Sorting...

Writting file "/storage/32426326/20250630/32426326-20250630-142410-849.all.ass"...

Done!
