/webhook/venv/lib/python3.10/site-packages/danmaku_tools/danmaku_energy_map.py:24: DeprecationWarning: Please import `convolve` from the `scipy.ndimage` namespace; the `scipy.ndimage.filters` namespace is deprecated and will be removed in SciPy 2.0.0.
  from scipy.ndimage.filters import convolve
Building prefix dict from the default dictionary ...
Loading model from cache /tmp/jieba.cache
Loading model cost 0.430 seconds.
Prefix dict has been built successfully.
  0%|          | 0/63 [00:00<?, ?it/s]2
13
1
2
0
0
63
1
19
3
25
0
55
 21%|██        | 13/63 [00:00<00:00, 106.93it/s]15
17
22
46
0
5
21
55
37
29
6
 38%|███▊      | 24/63 [00:00<00:00, 61.25it/s] 9
69
11
4
72
38
69
63
 51%|█████     | 32/63 [00:00<00:00, 32.19it/s]54
22
8
6
27
 59%|█████▊    | 37/63 [00:00<00:00, 34.00it/s]67
15
36
3
2
34
 68%|██████▊   | 43/63 [00:01<00:00, 38.19it/s]13
12
25
2
12
6
2
4
7
2
2
2
2
17
 90%|█████████ | 57/63 [00:01<00:00, 55.76it/s]1
15
0
22
69
3
100%|██████████| 63/63 [00:01<00:00, 47.63it/s]

DanmakuFactory 1.70 CLI Release by hkm (hkm@tikm.org)
https://github.com/hihkm/DanmakuFactory

Input file(s):
Number|Template     |TimeShift|FileName
     1|xml          |   0.000s|/storage/32426326/20250719/32426326-20250719-154301-301.all.clean.xml

Output file:
Format|FileName
   ass|/storage/32426326/20250719/32426326-20250719-154301-301.all.ass

Loading files...
Loading file "/storage/32426326/20250719/32426326-20250719-154301-301.all.clean.xml"

File Loading Complete.. Danmaku Pool: 2631

Sorting...

Writting file "/storage/32426326/20250719/32426326-20250719-154301-301.all.ass"...

Done!
