/webhook/venv/lib/python3.10/site-packages/danmaku_tools/danmaku_energy_map.py:24: DeprecationWarning: Please import `convolve` from the `scipy.ndimage` namespace; the `scipy.ndimage.filters` namespace is deprecated and will be removed in SciPy 2.0.0.
  from scipy.ndimage.filters import convolve
Building prefix dict from the default dictionary ...
Loading model from cache /tmp/jieba.cache
Loading model cost 0.507 seconds.
Prefix dict has been built successfully.
  0%|          | 0/90 [00:00<?, ?it/s]6
1
37
1
19
0
30
  8%|▊         | 7/90 [00:00<00:01, 66.70it/s]11
37
58
2
3
75
8
 16%|█▌        | 14/90 [00:00<00:02, 36.01it/s]1
98
49
13
10
 21%|██        | 19/90 [00:00<00:02, 29.48it/s]45
16
81
11
 26%|██▌       | 23/90 [00:00<00:02, 23.66it/s]175
4
16
 29%|██▉       | 26/90 [00:01<00:03, 19.22it/s]1
3
3
6
43
8
 36%|███▌      | 32/90 [00:01<00:02, 26.11it/s]5
0
18
5
6
24
1
25
 44%|████▍     | 40/90 [00:01<00:01, 34.07it/s]5
44
21
19
5
 50%|█████     | 45/90 [00:01<00:01, 33.70it/s]6
3
0
33
19
75
 57%|█████▋    | 51/90 [00:01<00:01, 34.29it/s]7
3
8
16
23
8
2
94
 66%|██████▌   | 59/90 [00:01<00:00, 31.41it/s]27
36
0
5
 70%|███████   | 63/90 [00:02<00:00, 31.81it/s]12
21
3
25
10
14
45
 78%|███████▊  | 70/90 [00:02<00:00, 36.19it/s]35
3
42
0
3
3
10
30
 87%|████████▋ | 78/90 [00:02<00:00, 42.00it/s]0
1
0
14
2
1
3
6
5
7
5
23
100%|██████████| 90/90 [00:02<00:00, 37.30it/s]

DanmakuFactory 1.70 CLI Release by hkm (hkm@tikm.org)
https://github.com/hihkm/DanmakuFactory

Input file(s):
Number|Template     |TimeShift|FileName
     1|xml          |   0.000s|/storage/32426326/20250529/32426326-20250529-150621-393.all.clean.xml

Output file:
Format|FileName
   ass|/storage/32426326/20250529/32426326-20250529-150621-393.all.ass

Loading files...
Loading file "/storage/32426326/20250529/32426326-20250529-150621-393.all.clean.xml"

File Loading Complete.. Danmaku Pool: 4306

Sorting...

Writting file "/storage/32426326/20250529/32426326-20250529-150621-393.all.ass"...

Done!
