/webhook/venv/lib/python3.10/site-packages/danmaku_tools/danmaku_energy_map.py:24: DeprecationWarning: Please import `convolve` from the `scipy.ndimage` namespace; the `scipy.ndimage.filters` namespace is deprecated and will be removed in SciPy 2.0.0.
  from scipy.ndimage.filters import convolve
Building prefix dict from the default dictionary ...
Loading model from cache /tmp/jieba.cache
Loading model cost 0.403 seconds.
Prefix dict has been built successfully.
  0%|          | 0/66 [00:00<?, ?it/s]1
24
5
1
21
65
0
22
 12%|█▏        | 8/66 [00:00<00:00, 63.25it/s]0
17
6
46
2
68
2
 23%|██▎       | 15/66 [00:00<00:00, 63.93it/s]43
32
6
41
5
2
25
 33%|███▎      | 22/66 [00:00<00:00, 46.08it/s]11
10
3
4
2
32
21
9
 45%|████▌     | 30/66 [00:00<00:00, 48.61it/s]9
10
49
20
1
61
 55%|█████▍    | 36/66 [00:00<00:00, 47.02it/s]5
16
1
2
2
0
9
2
26
0
12
1
26
15
 76%|███████▌  | 50/66 [00:00<00:00, 70.60it/s]2
1
1
3
1
4
27
8
5
12
0
8
8
0
27
33
100%|██████████| 66/66 [00:00<00:00, 71.12it/s]

DanmakuFactory 1.70 CLI Release by hkm (hkm@tikm.org)
https://github.com/hihkm/DanmakuFactory

Input file(s):
Number|Template     |TimeShift|FileName
     1|xml          |   0.000s|/storage/32426326/20250728/32426326-20250728-151948-583.all.clean.xml

Output file:
Format|FileName
   ass|/storage/32426326/20250728/32426326-20250728-151948-583.all.ass

Loading files...
Loading file "/storage/32426326/20250728/32426326-20250728-151948-583.all.clean.xml"

File Loading Complete.. Danmaku Pool: 2138

Sorting...

Writting file "/storage/32426326/20250728/32426326-20250728-151948-583.all.ass"...

Done!
