/webhook/venv/lib/python3.10/site-packages/danmaku_tools/danmaku_energy_map.py:24: DeprecationWarning: Please import `convolve` from the `scipy.ndimage` namespace; the `scipy.ndimage.filters` namespace is deprecated and will be removed in SciPy 2.0.0.
  from scipy.ndimage.filters import convolve
Building prefix dict from the default dictionary ...
Loading model from cache /tmp/jieba.cache
Loading model cost 0.488 seconds.
Prefix dict has been built successfully.
  0%|          | 0/107 [00:00<?, ?it/s]1
15
7
19
0
37
11
  7%|▋         | 7/107 [00:00<00:01, 63.20it/s]0
12
62
1
1
132
73
 13%|█▎        | 14/107 [00:00<00:02, 40.99it/s]21
18
44
27
0
23
 19%|█▊        | 20/107 [00:00<00:02, 43.02it/s]29
0
5
1
2
15
5
39
 26%|██▌       | 28/107 [00:00<00:01, 52.47it/s]46
6
48
2
9
10
 32%|███▏      | 34/107 [00:00<00:01, 46.60it/s]35
1
27
1
39
1
1
3
 39%|███▉      | 42/107 [00:00<00:01, 54.99it/s]21
2
25
101
46
5
 45%|████▍     | 48/107 [00:01<00:01, 43.79it/s]22
2
13
29
67
 50%|████▉     | 53/107 [00:01<00:01, 44.74it/s]6
9
6
16
40
8
15
20
 57%|█████▋    | 61/107 [00:01<00:00, 53.15it/s]12
54
4
18
0
11
8
 64%|██████▎   | 68/107 [00:01<00:00, 56.79it/s]3
132
18
0
12
0
2
 70%|███████   | 75/107 [00:01<00:00, 53.72it/s]4
5
11
3
0
2
18
0
0
2
0
0
24
0
0
5
10
4
6
18
5
11
 91%|█████████ | 97/107 [00:01<00:00, 95.47it/s]3
3
0
0
0
2
19
14
30
11
100%|██████████| 107/107 [00:01<00:00, 63.85it/s]

DanmakuFactory 1.70 CLI Release by hkm (hkm@tikm.org)
https://github.com/hihkm/DanmakuFactory

Input file(s):
Number|Template     |TimeShift|FileName
     1|xml          |   0.000s|/storage/32426326/20250725/32426326-20250725-145329-034.all.clean.xml

Output file:
Format|FileName
   ass|/storage/32426326/20250725/32426326-20250725-145329-034.all.ass

Loading files...
Loading file "/storage/32426326/20250725/32426326-20250725-145329-034.all.clean.xml"

File Loading Complete.. Danmaku Pool: 3686

Sorting...

Writting file "/storage/32426326/20250725/32426326-20250725-145329-034.all.ass"...

Done!
