/webhook/venv/lib/python3.10/site-packages/danmaku_tools/danmaku_energy_map.py:24: DeprecationWarning: Please import `convolve` from the `scipy.ndimage` namespace; the `scipy.ndimage.filters` namespace is deprecated and will be removed in SciPy 2.0.0.
  from scipy.ndimage.filters import convolve
Building prefix dict from the default dictionary ...
Loading model from cache /tmp/jieba.cache
Loading model cost 0.572 seconds.
Prefix dict has been built successfully.
  0%|          | 0/99 [00:00<?, ?it/s]1
21
8
5
9
2
4
53
  8%|▊         | 8/99 [00:00<00:01, 53.35it/s]2
10
10
48
61
5
 14%|█▍        | 14/99 [00:00<00:02, 30.05it/s]11
7
104
41
 18%|█▊        | 18/99 [00:00<00:03, 24.67it/s]11
57
29
 21%|██        | 21/99 [00:00<00:03, 24.40it/s]94
40
1
 24%|██▍       | 24/99 [00:01<00:04, 17.86it/s]22
20
4
53
 28%|██▊       | 28/99 [00:01<00:03, 20.78it/s]0
41
4
16
43
 33%|███▎      | 33/99 [00:01<00:02, 25.77it/s]33
69
96
 36%|███▋      | 36/99 [00:01<00:03, 18.52it/s]51
22
109
 39%|███▉      | 39/99 [00:01<00:03, 17.37it/s]3
2
0
7
22
4
2
26
 47%|████▋     | 47/99 [00:01<00:01, 26.18it/s]61
27
61
5
 52%|█████▏    | 51/99 [00:02<00:02, 18.19it/s]5
7
0
6
15
11
35
 59%|█████▊    | 58/99 [00:02<00:01, 22.40it/s]32
9
3
45
 63%|██████▎   | 62/99 [00:02<00:01, 23.99it/s]4
4
2
0
5
0
6
3
18
7
3
67
 75%|███████▍  | 74/99 [00:02<00:00, 34.86it/s]0
1
21
7
29
0
2
 82%|████████▏ | 81/99 [00:03<00:00, 40.83it/s]3
8
3
5
5
5
33
5
0
18
 92%|█████████▏| 91/99 [00:03<00:00, 50.83it/s]2
2
0
0
3
9
17
6
100%|██████████| 99/99 [00:03<00:00, 31.08it/s]

DanmakuFactory 1.70 CLI Release by hkm (hkm@tikm.org)
https://github.com/hihkm/DanmakuFactory

Input file(s):
Number|Template     |TimeShift|FileName
     1|xml          |   0.000s|/storage/32426326/20250709/32426326-20250709-135625-136.all.clean.xml

Output file:
Format|FileName
   ass|/storage/32426326/20250709/32426326-20250709-135625-136.all.ass

Loading files...
Loading file "/storage/32426326/20250709/32426326-20250709-135625-136.all.clean.xml"

File Loading Complete.. Danmaku Pool: 4433

Sorting...

Writting file "/storage/32426326/20250709/32426326-20250709-135625-136.all.ass"...

Done!
