/webhook/venv/lib/python3.10/site-packages/danmaku_tools/danmaku_energy_map.py:24: DeprecationWarning: Please import `convolve` from the `scipy.ndimage` namespace; the `scipy.ndimage.filters` namespace is deprecated and will be removed in SciPy 2.0.0.
  from scipy.ndimage.filters import convolve
Building prefix dict from the default dictionary ...
Loading model from cache /tmp/jieba.cache
Loading model cost 0.525 seconds.
Prefix dict has been built successfully.
  0%|          | 0/116 [00:00<?, ?it/s]21
21
12
30
1
5
0
34
2
2
  9%|▊         | 10/116 [00:00<00:01, 97.49it/s]1
144
5
101
18
70
24
44
2
0
 17%|█▋        | 20/116 [00:00<00:02, 33.65it/s]71
4
9
22
13
13
 22%|██▏       | 26/116 [00:00<00:02, 34.39it/s]62
1
9
18
85
 27%|██▋       | 31/116 [00:00<00:02, 32.29it/s]0
21
4
0
74
 31%|███       | 36/116 [00:01<00:02, 28.00it/s]6
4
1
5
67
 35%|███▌      | 41/116 [00:01<00:02, 28.51it/s]55
35
21
10
 39%|███▉      | 45/116 [00:01<00:02, 25.34it/s]6
17
2
29
8
16
23
 45%|████▍     | 52/116 [00:01<00:01, 32.19it/s]6
0
5
5
48
7
2
81
 52%|█████▏    | 60/116 [00:01<00:01, 33.14it/s]36
2
19
17
 55%|█████▌    | 64/116 [00:02<00:01, 27.31it/s]27
43
33
10
 59%|█████▊    | 68/116 [00:02<00:02, 23.55it/s]13
19
16
0
26
25
 64%|██████▍   | 74/116 [00:02<00:01, 28.23it/s]18
38
21
4
 67%|██████▋   | 78/116 [00:02<00:01, 26.96it/s]28
6
2
30
41
 72%|███████▏  | 83/116 [00:02<00:01, 24.90it/s]30
0
5
6
1
1
2
8
5
7
 80%|████████  | 93/116 [00:02<00:00, 37.96it/s]20
5
8
20
0
0
14
1
0
11
12
8
10
0
0
8
 94%|█████████▍| 109/116 [00:03<00:00, 62.03it/s]0
0
20
3
0
1
62
100%|██████████| 116/116 [00:03<00:00, 36.47it/s]

DanmakuFactory 1.70 CLI Release by hkm (hkm@tikm.org)
https://github.com/hihkm/DanmakuFactory

Input file(s):
Number|Template     |TimeShift|FileName
     1|xml          |   0.000s|/storage/32426326/20250713/32426326-20250713-140312-950.all.clean.xml

Output file:
Format|FileName
   ass|/storage/32426326/20250713/32426326-20250713-140312-950.all.ass

Loading files...
Loading file "/storage/32426326/20250713/32426326-20250713-140312-950.all.clean.xml"

File Loading Complete.. Danmaku Pool: 4366

Sorting...

Writting file "/storage/32426326/20250713/32426326-20250713-140312-950.all.ass"...

Done!
