/webhook/venv/lib/python3.10/site-packages/danmaku_tools/danmaku_energy_map.py:24: DeprecationWarning: Please import `convolve` from the `scipy.ndimage` namespace; the `scipy.ndimage.filters` namespace is deprecated and will be removed in SciPy 2.0.0.
  from scipy.ndimage.filters import convolve
Building prefix dict from the default dictionary ...
Loading model from cache /tmp/jieba.cache
Loading model cost 0.525 seconds.
Prefix dict has been built successfully.
  0%|          | 0/51 [00:00<?, ?it/s]3
63
  4%|▍         | 2/51 [00:00<00:04, 10.15it/s]32
7
4
22
 12%|█▏        | 6/51 [00:00<00:02, 22.06it/s]38
28
1
 18%|█▊        | 9/51 [00:00<00:02, 20.69it/s]3
14
27
19
 25%|██▌       | 13/51 [00:00<00:01, 25.52it/s]30
1
3
10
 33%|███▎      | 17/51 [00:00<00:01, 29.04it/s]8
6
7
12
30
4
19
 47%|████▋     | 24/51 [00:00<00:00, 40.59it/s]0
8
0
9
13
13
0
29
 63%|██████▎   | 32/51 [00:00<00:00, 51.29it/s]3
4
8
0
1
1
21
0
2
12
0
14
3
 88%|████████▊ | 45/51 [00:00<00:00, 73.59it/s]3
2
0
12
8
26
100%|██████████| 51/51 [00:01<00:00, 48.30it/s]

DanmakuFactory 1.70 CLI Release by hkm (hkm@tikm.org)
https://github.com/hihkm/DanmakuFactory

Input file(s):
Number|Template     |TimeShift|FileName
     1|xml          |   0.000s|/storage/32426326/20250711/32426326-20250711-185333-241.all.clean.xml

Output file:
Format|FileName
   ass|/storage/32426326/20250711/32426326-20250711-185333-241.all.ass

Loading files...
Loading file "/storage/32426326/20250711/32426326-20250711-185333-241.all.clean.xml"

File Loading Complete.. Danmaku Pool: 1502

Sorting...

Writting file "/storage/32426326/20250711/32426326-20250711-185333-241.all.ass"...

Done!
