/webhook/venv/lib/python3.10/site-packages/danmaku_tools/danmaku_energy_map.py:24: DeprecationWarning: Please import `convolve` from the `scipy.ndimage` namespace; the `scipy.ndimage.filters` namespace is deprecated and will be removed in SciPy 2.0.0.
  from scipy.ndimage.filters import convolve
Building prefix dict from the default dictionary ...
Dumping model to file cache /tmp/jieba.cache
Loading model cost 0.552 seconds.
Prefix dict has been built successfully.
  0%|          | 0/91 [00:00<?, ?it/s]0
4
1
18
1
7
58
  8%|▊         | 7/91 [00:00<00:02, 29.96it/s]1
3
46
30
123
 13%|█▎        | 12/91 [00:00<00:03, 22.56it/s]6
0
144
 16%|█▋        | 15/91 [00:00<00:03, 20.16it/s]35
52
22
 20%|█▉        | 18/91 [00:00<00:03, 21.26it/s]54
38
11
 23%|██▎       | 21/91 [00:01<00:03, 19.53it/s]4
81
 25%|██▌       | 23/91 [00:01<00:03, 17.07it/s]21
1
 27%|██▋       | 25/91 [00:01<00:04, 15.76it/s]9
1
7
17
3
1
30
 35%|███▌      | 32/91 [00:01<00:02, 25.19it/s]1
1
5
1
24
28
 42%|████▏     | 38/91 [00:01<00:01, 31.41it/s]1
3
10
6
29
4
23
 49%|████▉     | 45/91 [00:01<00:01, 39.49it/s]12
1
51
28
3
 55%|█████▍    | 50/91 [00:01<00:01, 39.57it/s]4
6
28
7
19
 60%|██████    | 55/91 [00:01<00:00, 39.71it/s]10
9
25
5
161
 66%|██████▌   | 60/91 [00:02<00:01, 22.13it/s]8
110
2
2
 70%|███████   | 64/91 [00:02<00:01, 21.25it/s]21
1
1
0
0
2
13
8
0
2
0
0
1
0
20
 87%|████████▋ | 79/91 [00:02<00:00, 40.47it/s]0
8
1
1
9
0
1
1
0
2
22
 99%|█████████▉| 90/91 [00:02<00:00, 52.77it/s]8
100%|██████████| 91/91 [00:02<00:00, 31.73it/s]
